#
# A fatal error has been detected by the Java Runtime Environment:
#
#  Internal Error (t:/workspace/open/src/hotspot/share/oops/generateOopMap.cpp:2164), pid=2196, tid=14788
#  fatal error: Illegal class file encountered. Try running with -Xverify:all in method quantize
#
# JRE version: Java(TM) SE Runtime Environment (12.0.2+10) (build 12.0.2+10)
# Java VM: Java HotSpot(TM) 64-Bit Server VM (12.0.2+10, mixed mode, sharing, tiered, compressed oops, g1 gc, windows-amd64)
# No core dump will be written. Minidumps are not enabled by default on client versions of Windows
#
# If you would like to submit a bug report, please visit:
#   http://bugreport.java.com/bugreport/crash.jsp
#

---------------  S U M M A R Y ------------

Command Line: -agentlib:jdwp=transport=dt_socket,suspend=y,address=localhost:55592 -javaagent:C:\Users\gkari\eclipse\java-2019-09\eclipse\configuration\org.eclipse.osgi\229\0\.cp\lib\javaagent-shaded.jar -Dfile.encoding=Cp1252 test

Host: Intel(R) Core(TM) i5-8250U CPU @ 1.60GHz, 8 cores, 7G,  Windows 10 , 64 bit Build 18362 (10.0.18362.329)
Time: Mon Dec 16 18:38:48 2019 Egypt Standard Time elapsed time: 1356 seconds (0d 0h 22m 36s)

---------------  T H R E A D  ---------------

Current thread (0x000001d2002b8800):  VMThread "VM Thread" [stack: 0x0000005641500000,0x0000005641600000] [id=14788]

Stack: [0x0000005641500000,0x0000005641600000]
[error occurred during error reporting (printing stack bounds), id 0xc0000005, EXCEPTION_ACCESS_VIOLATION (0xc0000005) at pc=0x000001d269220bad]

Native frames: (J=compiled Java code, j=interpreted, Vv=VM code, C=native code)
V  [jvm.dll+0x63aa2a]
V  [jvm.dll+0x78ce1e]
V  [jvm.dll+0x78e4c1]
V  [jvm.dll+0x78ea75]
V  [jvm.dll+0x78ea2b]
V  [jvm.dll+0x63a134]
V  [jvm.dll+0x63a4f8]
C  [ntdll.dll+0xa11ff]
C  [ntdll.dll+0x6a289]
C  [ntdll.dll+0x9fe6e]
C  0x000001d269220bad

VM_Operation (0x0000005641fff6d0): GetOrSetLocal, mode: safepoint, requested by thread 0x000001d200e18800


---------------  P R O C E S S  ---------------

Threads class SMR info:
_java_thread_list=0x000001d2016c48e0, length=17, elements={
0x000001d2002ba000, 0x000001d2002bb000, 0x000001d2002d7000, 0x000001d2002d9000,
0x000001d2002db000, 0x000001d2002e2800, 0x000001d2002e3800, 0x000001d2002a1800,
0x000001d200e18800, 0x000001d200e05000, 0x000001d200e08000, 0x000001d200f10800,
0x000001d20144d800, 0x000001d20144e000, 0x000001d200f9b000, 0x000001d200f02000,
0x000001d25f64d000
}

Java Threads: ( => current thread )
  0x000001d2002ba000 JavaThread "Reference Handler" daemon [_thread_blocked, id=1432, stack(0x0000005641600000,0x0000005641700000)]
  0x000001d2002bb000 JavaThread "Finalizer" daemon [_thread_blocked, id=392, stack(0x0000005641700000,0x0000005641800000)]
  0x000001d2002d7000 JavaThread "Signal Dispatcher" daemon [_thread_blocked, id=8728, stack(0x0000005641800000,0x0000005641900000)]
  0x000001d2002d9000 JavaThread "Attach Listener" daemon [_thread_blocked, id=18356, stack(0x0000005641900000,0x0000005641a00000)]
  0x000001d2002db000 JavaThread "C2 CompilerThread0" daemon [_thread_blocked, id=15328, stack(0x0000005641a00000,0x0000005641b00000)]
  0x000001d2002e2800 JavaThread "C1 CompilerThread0" daemon [_thread_blocked, id=15064, stack(0x0000005641b00000,0x0000005641c00000)]
  0x000001d2002e3800 JavaThread "Sweeper thread" daemon [_thread_blocked, id=1972, stack(0x0000005641c00000,0x0000005641d00000)]
  0x000001d2002a1800 JavaThread "Common-Cleaner" daemon [_thread_blocked, id=11576, stack(0x0000005641d00000,0x0000005641e00000)]
  0x000001d200e18800 JavaThread "JDWP Transport Listener: dt_socket" daemon [_thread_blocked, id=18244, stack(0x0000005641f00000,0x0000005642000000)] _threads_hazard_ptr=0x000001d2016c48e0
  0x000001d200e05000 JavaThread "JDWP Event Helper Thread" daemon [_thread_blocked, id=6544, stack(0x0000005642000000,0x0000005642100000)]
  0x000001d200e08000 JavaThread "JDWP Command Reader" daemon [_thread_in_native, id=17604, stack(0x0000005642100000,0x0000005642200000)]
  0x000001d200f10800 JavaThread "Service Thread" daemon [_thread_blocked, id=16476, stack(0x0000005641e00000,0x0000005641f00000)]
  0x000001d20144d800 JavaThread "Java2D Disposer" daemon [_thread_blocked, id=18308, stack(0x0000005642300000,0x0000005642400000)]
  0x000001d20144e000 JavaThread "AWT-Shutdown" [_thread_blocked, id=4880, stack(0x0000005642400000,0x0000005642500000)]
  0x000001d200f9b000 JavaThread "AWT-Windows" daemon [_thread_in_native, id=16664, stack(0x0000005642500000,0x0000005642600000)]
  0x000001d200f02000 JavaThread "AWT-EventQueue-0" [_thread_blocked, id=1960, stack(0x0000005642600000,0x0000005642700000)]
  0x000001d25f64d000 JavaThread "DestroyJavaVM" [_thread_blocked, id=18560, stack(0x0000005640f00000,0x0000005641000000)]

Other Threads:
=>0x000001d2002b8800 VMThread "VM Thread" [stack: 0x0000005641500000,0x0000005641600000] [id=14788]
  0x000001d200f06800 WatcherThread [stack: 0x0000005642200000,0x0000005642300000] [id=2480]
  0x000001d25f68b800 GCTaskThread "GC Thread#0" [stack: 0x0000005641000000,0x0000005641100000] [id=5824]
  0x000001d201968000 GCTaskThread "GC Thread#1" [stack: 0x0000005642a00000,0x0000005642b00000] [id=8864]
  0x000001d20196b800 GCTaskThread "GC Thread#2" [stack: 0x0000005642b00000,0x0000005642c00000] [id=16696]
  0x000001d20196c000 GCTaskThread "GC Thread#3" [stack: 0x0000005642c00000,0x0000005642d00000] [id=13624]
  0x000001d201ae3000 GCTaskThread "GC Thread#4" [stack: 0x0000005642d00000,0x0000005642e00000] [id=9068]
  0x000001d201ae6800 GCTaskThread "GC Thread#5" [stack: 0x0000005642e00000,0x0000005642f00000] [id=18372]
  0x000001d25f69a800 ConcurrentGCThread "G1 Main Marker" [stack: 0x0000005641100000,0x0000005641200000] [id=16660]
  0x000001d25f69d000 ConcurrentGCThread "G1 Conc#0" [stack: 0x0000005641200000,0x0000005641300000] [id=15092]
  0x000001d25f71e800 ConcurrentGCThread "G1 Refine#0" [stack: 0x0000005641300000,0x0000005641400000] [id=14240]
  0x000001d200131000 ConcurrentGCThread "G1 Young RemSet Sampling" [stack: 0x0000005641400000,0x0000005641500000] [id=10108]

Threads with active compile tasks:

VM state:at safepoint (normal execution)

VM Mutex/Monitor currently owned by a thread:  ([mutex/lock_event])
[0x000001d25f64abd0] Threads_lock - owner thread: 0x000001d2002b8800

Heap address: 0x0000000082400000, size: 2012 MB, Compressed Oops mode: 32-bit
Narrow klass base: 0x0000000800000000, Narrow klass shift: 3
Compressed class space size: 1073741824 Address: 0x0000000801190000

Heap:
 garbage-first heap   total 129024K, used 32378K [0x0000000082400000, 0x0000000100000000)
  region size 1024K, 26 young (26624K), 3 survivors (3072K)
 Metaspace       used 10706K, capacity 11089K, committed 11392K, reserved 1058816K
  class space    used 1184K, capacity 1342K, committed 1408K, reserved 1048576K
Heap Regions: E=young(eden), S=young(survivor), O=old, HS=humongous(starts), HC=humongous(continues), CS=collection set, F=free, A=archive, TAMS=top-at-mark-start (previous, next)
|   0|0x0000000082400000, 0x0000000082500000, 0x0000000082500000|100%|HS|  |TAMS 0x0000000082400000, 0x0000000082400000| Complete 
|   1|0x0000000082500000, 0x0000000082600000, 0x0000000082600000|100%|HC|  |TAMS 0x0000000082500000, 0x0000000082500000| Complete 
|   2|0x0000000082600000, 0x0000000082700000, 0x0000000082700000|100%|HC|  |TAMS 0x0000000082600000, 0x0000000082600000| Complete 
|   3|0x0000000082700000, 0x0000000082800000, 0x0000000082800000|100%|HC|  |TAMS 0x0000000082700000, 0x0000000082700000| Complete 
|   4|0x0000000082800000, 0x0000000082900000, 0x0000000082900000|100%|HC|  |TAMS 0x0000000082800000, 0x0000000082800000| Complete 
|   5|0x0000000082900000, 0x0000000082a00000, 0x0000000082a00000|100%|HC|  |TAMS 0x0000000082900000, 0x0000000082900000| Complete 
|   6|0x0000000082a00000, 0x0000000082b00000, 0x0000000082b00000|100%|HC|  |TAMS 0x0000000082a00000, 0x0000000082a00000| Complete 
|   7|0x0000000082b00000, 0x0000000082b00000, 0x0000000082c00000|  0%| F|  |TAMS 0x0000000082b00000, 0x0000000082b00000| Untracked 
|   8|0x0000000082c00000, 0x0000000082c00000, 0x0000000082d00000|  0%| F|  |TAMS 0x0000000082c00000, 0x0000000082c00000| Untracked 
|   9|0x0000000082d00000, 0x0000000082d00000, 0x0000000082e00000|  0%| F|  |TAMS 0x0000000082d00000, 0x0000000082d00000| Untracked 
|  10|0x0000000082e00000, 0x0000000082e00000, 0x0000000082f00000|  0%| F|  |TAMS 0x0000000082e00000, 0x0000000082e00000| Untracked 
|  11|0x0000000082f00000, 0x0000000082f00000, 0x0000000083000000|  0%| F|  |TAMS 0x0000000082f00000, 0x0000000082f00000| Untracked 
|  12|0x0000000083000000, 0x0000000083000000, 0x0000000083100000|  0%| F|  |TAMS 0x0000000083000000, 0x0000000083000000| Untracked 
|  13|0x0000000083100000, 0x0000000083100000, 0x0000000083200000|  0%| F|  |TAMS 0x0000000083100000, 0x0000000083100000| Untracked 
|  14|0x0000000083200000, 0x0000000083200000, 0x0000000083300000|  0%| F|  |TAMS 0x0000000083200000, 0x0000000083200000| Untracked 
|  15|0x0000000083300000, 0x0000000083300000, 0x0000000083400000|  0%| F|  |TAMS 0x0000000083300000, 0x0000000083300000| Untracked 
|  16|0x0000000083400000, 0x0000000083400000, 0x0000000083500000|  0%| F|  |TAMS 0x0000000083400000, 0x0000000083400000| Untracked 
|  17|0x0000000083500000, 0x0000000083500000, 0x0000000083600000|  0%| F|  |TAMS 0x0000000083500000, 0x0000000083500000| Untracked 
|  18|0x0000000083600000, 0x0000000083600000, 0x0000000083700000|  0%| F|  |TAMS 0x0000000083600000, 0x0000000083600000| Untracked 
|  19|0x0000000083700000, 0x0000000083700000, 0x0000000083800000|  0%| F|  |TAMS 0x0000000083700000, 0x0000000083700000| Untracked 
|  20|0x0000000083800000, 0x0000000083800000, 0x0000000083900000|  0%| F|  |TAMS 0x0000000083800000, 0x0000000083800000| Untracked 
|  21|0x0000000083900000, 0x0000000083900000, 0x0000000083a00000|  0%| F|  |TAMS 0x0000000083900000, 0x0000000083900000| Untracked 
|  22|0x0000000083a00000, 0x0000000083a00000, 0x0000000083b00000|  0%| F|  |TAMS 0x0000000083a00000, 0x0000000083a00000| Untracked 
|  23|0x0000000083b00000, 0x0000000083b00000, 0x0000000083c00000|  0%| F|  |TAMS 0x0000000083b00000, 0x0000000083b00000| Untracked 
|  24|0x0000000083c00000, 0x0000000083c00000, 0x0000000083d00000|  0%| F|  |TAMS 0x0000000083c00000, 0x0000000083c00000| Untracked 
|  25|0x0000000083d00000, 0x0000000083d00000, 0x0000000083e00000|  0%| F|  |TAMS 0x0000000083d00000, 0x0000000083d00000| Untracked 
|  26|0x0000000083e00000, 0x0000000083e00000, 0x0000000083f00000|  0%| F|  |TAMS 0x0000000083e00000, 0x0000000083e00000| Untracked 
|  27|0x0000000083f00000, 0x0000000083f00000, 0x0000000084000000|  0%| F|  |TAMS 0x0000000083f00000, 0x0000000083f00000| Untracked 
|  28|0x0000000084000000, 0x0000000084000000, 0x0000000084100000|  0%| F|  |TAMS 0x0000000084000000, 0x0000000084000000| Untracked 
|  29|0x0000000084100000, 0x0000000084100000, 0x0000000084200000|  0%| F|  |TAMS 0x0000000084100000, 0x0000000084100000| Untracked 
|  30|0x0000000084200000, 0x0000000084200000, 0x0000000084300000|  0%| F|  |TAMS 0x0000000084200000, 0x0000000084200000| Untracked 
|  31|0x0000000084300000, 0x0000000084300000, 0x0000000084400000|  0%| F|  |TAMS 0x0000000084300000, 0x0000000084300000| Untracked 
|  32|0x0000000084400000, 0x0000000084400000, 0x0000000084500000|  0%| F|  |TAMS 0x0000000084400000, 0x0000000084400000| Untracked 
|  33|0x0000000084500000, 0x0000000084500000, 0x0000000084600000|  0%| F|  |TAMS 0x0000000084500000, 0x0000000084500000| Untracked 
|  34|0x0000000084600000, 0x0000000084600000, 0x0000000084700000|  0%| F|  |TAMS 0x0000000084600000, 0x0000000084600000| Untracked 
|  35|0x0000000084700000, 0x0000000084700000, 0x0000000084800000|  0%| F|  |TAMS 0x0000000084700000, 0x0000000084700000| Untracked 
|  36|0x0000000084800000, 0x0000000084800000, 0x0000000084900000|  0%| F|  |TAMS 0x0000000084800000, 0x0000000084800000| Untracked 
|  37|0x0000000084900000, 0x0000000084900000, 0x0000000084a00000|  0%| F|  |TAMS 0x0000000084900000, 0x0000000084900000| Untracked 
|  38|0x0000000084a00000, 0x0000000084a00000, 0x0000000084b00000|  0%| F|  |TAMS 0x0000000084a00000, 0x0000000084a00000| Untracked 
|  39|0x0000000084b00000, 0x0000000084b00000, 0x0000000084c00000|  0%| F|  |TAMS 0x0000000084b00000, 0x0000000084b00000| Untracked 
|  40|0x0000000084c00000, 0x0000000084c00000, 0x0000000084d00000|  0%| F|  |TAMS 0x0000000084c00000, 0x0000000084c00000| Untracked 
|  41|0x0000000084d00000, 0x0000000084d00000, 0x0000000084e00000|  0%| F|  |TAMS 0x0000000084d00000, 0x0000000084d00000| Untracked 
|  42|0x0000000084e00000, 0x0000000084e00000, 0x0000000084f00000|  0%| F|  |TAMS 0x0000000084e00000, 0x0000000084e00000| Untracked 
|  43|0x0000000084f00000, 0x0000000084f00000, 0x0000000085000000|  0%| F|  |TAMS 0x0000000084f00000, 0x0000000084f00000| Untracked 
|  44|0x0000000085000000, 0x0000000085000000, 0x0000000085100000|  0%| F|  |TAMS 0x0000000085000000, 0x0000000085000000| Untracked 
|  45|0x0000000085100000, 0x0000000085100000, 0x0000000085200000|  0%| F|  |TAMS 0x0000000085100000, 0x0000000085100000| Untracked 
|  46|0x0000000085200000, 0x0000000085200000, 0x0000000085300000|  0%| F|  |TAMS 0x0000000085200000, 0x0000000085200000| Untracked 
|  47|0x0000000085300000, 0x0000000085300000, 0x0000000085400000|  0%| F|  |TAMS 0x0000000085300000, 0x0000000085300000| Untracked 
|  48|0x0000000085400000, 0x0000000085400000, 0x0000000085500000|  0%| F|  |TAMS 0x0000000085400000, 0x0000000085400000| Untracked 
|  49|0x0000000085500000, 0x0000000085500000, 0x0000000085600000|  0%| F|  |TAMS 0x0000000085500000, 0x0000000085500000| Untracked 
|  50|0x0000000085600000, 0x0000000085600000, 0x0000000085700000|  0%| F|  |TAMS 0x0000000085600000, 0x0000000085600000| Untracked 
|  51|0x0000000085700000, 0x0000000085700000, 0x0000000085800000|  0%| F|  |TAMS 0x0000000085700000, 0x0000000085700000| Untracked 
|  52|0x0000000085800000, 0x0000000085800000, 0x0000000085900000|  0%| F|  |TAMS 0x0000000085800000, 0x0000000085800000| Untracked 
|  53|0x0000000085900000, 0x0000000085900000, 0x0000000085a00000|  0%| F|  |TAMS 0x0000000085900000, 0x0000000085900000| Untracked 
|  54|0x0000000085a00000, 0x0000000085a00000, 0x0000000085b00000|  0%| F|  |TAMS 0x0000000085a00000, 0x0000000085a00000| Untracked 
|  55|0x0000000085b00000, 0x0000000085b00000, 0x0000000085c00000|  0%| F|  |TAMS 0x0000000085b00000, 0x0000000085b00000| Untracked 
|  56|0x0000000085c00000, 0x0000000085c00000, 0x0000000085d00000|  0%| F|  |TAMS 0x0000000085c00000, 0x0000000085c00000| Untracked 
|  57|0x0000000085d00000, 0x0000000085d00000, 0x0000000085e00000|  0%| F|  |TAMS 0x0000000085d00000, 0x0000000085d00000| Untracked 
|  58|0x0000000085e00000, 0x0000000085e00000, 0x0000000085f00000|  0%| F|  |TAMS 0x0000000085e00000, 0x0000000085e00000| Untracked 
|  59|0x0000000085f00000, 0x0000000085f00000, 0x0000000086000000|  0%| F|  |TAMS 0x0000000085f00000, 0x0000000085f00000| Untracked 
|  60|0x0000000086000000, 0x0000000086000000, 0x0000000086100000|  0%| F|  |TAMS 0x0000000086000000, 0x0000000086000000| Untracked 
|  61|0x0000000086100000, 0x0000000086100000, 0x0000000086200000|  0%| F|  |TAMS 0x0000000086100000, 0x0000000086100000| Untracked 
|  62|0x0000000086200000, 0x0000000086200000, 0x0000000086300000|  0%| F|  |TAMS 0x0000000086200000, 0x0000000086200000| Untracked 
|  63|0x0000000086300000, 0x0000000086300000, 0x0000000086400000|  0%| F|  |TAMS 0x0000000086300000, 0x0000000086300000| Untracked 
|  64|0x0000000086400000, 0x0000000086400000, 0x0000000086500000|  0%| F|  |TAMS 0x0000000086400000, 0x0000000086400000| Untracked 
|  65|0x0000000086500000, 0x0000000086500000, 0x0000000086600000|  0%| F|  |TAMS 0x0000000086500000, 0x0000000086500000| Untracked 
|  66|0x0000000086600000, 0x0000000086600000, 0x0000000086700000|  0%| F|  |TAMS 0x0000000086600000, 0x0000000086600000| Untracked 
|  67|0x0000000086700000, 0x0000000086700000, 0x0000000086800000|  0%| F|  |TAMS 0x0000000086700000, 0x0000000086700000| Untracked 
|  68|0x0000000086800000, 0x0000000086800000, 0x0000000086900000|  0%| F|  |TAMS 0x0000000086800000, 0x0000000086800000| Untracked 
|  69|0x0000000086900000, 0x0000000086900000, 0x0000000086a00000|  0%| F|  |TAMS 0x0000000086900000, 0x0000000086900000| Untracked 
|  70|0x0000000086a00000, 0x0000000086a00000, 0x0000000086b00000|  0%| F|  |TAMS 0x0000000086a00000, 0x0000000086a00000| Untracked 
|  71|0x0000000086b00000, 0x0000000086b00000, 0x0000000086c00000|  0%| F|  |TAMS 0x0000000086b00000, 0x0000000086b00000| Untracked 
|  72|0x0000000086c00000, 0x0000000086c00000, 0x0000000086d00000|  0%| F|  |TAMS 0x0000000086c00000, 0x0000000086c00000| Untracked 
|  73|0x0000000086d00000, 0x0000000086d00000, 0x0000000086e00000|  0%| F|  |TAMS 0x0000000086d00000, 0x0000000086d00000| Untracked 
|  74|0x0000000086e00000, 0x0000000086e00000, 0x0000000086f00000|  0%| F|  |TAMS 0x0000000086e00000, 0x0000000086e00000| Untracked 
|  75|0x0000000086f00000, 0x0000000086f00000, 0x0000000087000000|  0%| F|  |TAMS 0x0000000086f00000, 0x0000000086f00000| Untracked 
|  76|0x0000000087000000, 0x0000000087000000, 0x0000000087100000|  0%| F|  |TAMS 0x0000000087000000, 0x0000000087000000| Untracked 
|  77|0x0000000087100000, 0x0000000087100000, 0x0000000087200000|  0%| F|  |TAMS 0x0000000087100000, 0x0000000087100000| Untracked 
|  78|0x0000000087200000, 0x0000000087200000, 0x0000000087300000|  0%| F|  |TAMS 0x0000000087200000, 0x0000000087200000| Untracked 
|  79|0x0000000087300000, 0x0000000087300000, 0x0000000087400000|  0%| F|  |TAMS 0x0000000087300000, 0x0000000087300000| Untracked 
|  80|0x0000000087400000, 0x0000000087400000, 0x0000000087500000|  0%| F|  |TAMS 0x0000000087400000, 0x0000000087400000| Untracked 
|  81|0x0000000087500000, 0x0000000087500000, 0x0000000087600000|  0%| F|  |TAMS 0x0000000087500000, 0x0000000087500000| Untracked 
|  82|0x0000000087600000, 0x0000000087600000, 0x0000000087700000|  0%| F|  |TAMS 0x0000000087600000, 0x0000000087600000| Untracked 
|  83|0x0000000087700000, 0x0000000087700000, 0x0000000087800000|  0%| F|  |TAMS 0x0000000087700000, 0x0000000087700000| Untracked 
|  84|0x0000000087800000, 0x0000000087800000, 0x0000000087900000|  0%| F|  |TAMS 0x0000000087800000, 0x0000000087800000| Untracked 
|  85|0x0000000087900000, 0x0000000087900000, 0x0000000087a00000|  0%| F|  |TAMS 0x0000000087900000, 0x0000000087900000| Untracked 
|  86|0x0000000087a00000, 0x0000000087a00000, 0x0000000087b00000|  0%| F|  |TAMS 0x0000000087a00000, 0x0000000087a00000| Untracked 
|  87|0x0000000087b00000, 0x0000000087b00000, 0x0000000087c00000|  0%| F|  |TAMS 0x0000000087b00000, 0x0000000087b00000| Untracked 
|  88|0x0000000087c00000, 0x0000000087c00000, 0x0000000087d00000|  0%| F|  |TAMS 0x0000000087c00000, 0x0000000087c00000| Untracked 
|  89|0x0000000087d00000, 0x0000000087d00000, 0x0000000087e00000|  0%| F|  |TAMS 0x0000000087d00000, 0x0000000087d00000| Untracked 
|  90|0x0000000087e00000, 0x0000000087e00000, 0x0000000087f00000|  0%| F|  |TAMS 0x0000000087e00000, 0x0000000087e00000| Untracked 
|  91|0x0000000087f00000, 0x0000000087f00000, 0x0000000088000000|  0%| F|  |TAMS 0x0000000087f00000, 0x0000000087f00000| Untracked 
|  92|0x0000000088000000, 0x0000000088000000, 0x0000000088100000|  0%| F|  |TAMS 0x0000000088000000, 0x0000000088000000| Untracked 
|  93|0x0000000088100000, 0x0000000088100000, 0x0000000088200000|  0%| F|  |TAMS 0x0000000088100000, 0x0000000088100000| Untracked 
|  94|0x0000000088200000, 0x0000000088200000, 0x0000000088300000|  0%| F|  |TAMS 0x0000000088200000, 0x0000000088200000| Untracked 
|  95|0x0000000088300000, 0x0000000088300000, 0x0000000088400000|  0%| F|  |TAMS 0x0000000088300000, 0x0000000088300000| Untracked 
|  96|0x0000000088400000, 0x0000000088400000, 0x0000000088500000|  0%| F|  |TAMS 0x0000000088400000, 0x0000000088400000| Untracked 
|  97|0x0000000088500000, 0x0000000088500000, 0x0000000088600000|  0%| F|  |TAMS 0x0000000088500000, 0x0000000088500000| Untracked 
|  98|0x0000000088600000, 0x0000000088600000, 0x0000000088700000|  0%| F|  |TAMS 0x0000000088600000, 0x0000000088600000| Untracked 
|  99|0x0000000088700000, 0x000000008879ebf0, 0x0000000088800000| 62%| S|CS|TAMS 0x0000000088700000, 0x0000000088700000| Complete 
| 100|0x0000000088800000, 0x0000000088900000, 0x0000000088900000|100%| S|CS|TAMS 0x0000000088800000, 0x0000000088800000| Complete 
| 101|0x0000000088900000, 0x0000000088a00000, 0x0000000088a00000|100%| S|CS|TAMS 0x0000000088900000, 0x0000000088900000| Complete 
| 102|0x0000000088a00000, 0x0000000088a00000, 0x0000000088b00000|  0%| F|  |TAMS 0x0000000088a00000, 0x0000000088a00000| Untracked 
| 103|0x0000000088b00000, 0x0000000088b80800, 0x0000000088c00000| 50%| E|  |TAMS 0x0000000088b00000, 0x0000000088b00000| Complete 
| 104|0x0000000088c00000, 0x0000000088d00000, 0x0000000088d00000|100%| E|CS|TAMS 0x0000000088c00000, 0x0000000088c00000| Complete 
| 105|0x0000000088d00000, 0x0000000088e00000, 0x0000000088e00000|100%| E|CS|TAMS 0x0000000088d00000, 0x0000000088d00000| Complete 
| 106|0x0000000088e00000, 0x0000000088f00000, 0x0000000088f00000|100%| E|CS|TAMS 0x0000000088e00000, 0x0000000088e00000| Complete 
| 107|0x0000000088f00000, 0x0000000089000000, 0x0000000089000000|100%| E|CS|TAMS 0x0000000088f00000, 0x0000000088f00000| Complete 
| 108|0x0000000089000000, 0x0000000089100000, 0x0000000089100000|100%| E|CS|TAMS 0x0000000089000000, 0x0000000089000000| Complete 
| 109|0x0000000089100000, 0x0000000089200000, 0x0000000089200000|100%| E|CS|TAMS 0x0000000089100000, 0x0000000089100000| Complete 
| 110|0x0000000089200000, 0x0000000089300000, 0x0000000089300000|100%| E|CS|TAMS 0x0000000089200000, 0x0000000089200000| Complete 
| 111|0x0000000089300000, 0x0000000089400000, 0x0000000089400000|100%| E|CS|TAMS 0x0000000089300000, 0x0000000089300000| Complete 
| 112|0x0000000089400000, 0x0000000089500000, 0x0000000089500000|100%| E|CS|TAMS 0x0000000089400000, 0x0000000089400000| Complete 
| 113|0x0000000089500000, 0x0000000089600000, 0x0000000089600000|100%| E|CS|TAMS 0x0000000089500000, 0x0000000089500000| Complete 
| 114|0x0000000089600000, 0x0000000089700000, 0x0000000089700000|100%| E|CS|TAMS 0x0000000089600000, 0x0000000089600000| Complete 
| 115|0x0000000089700000, 0x0000000089800000, 0x0000000089800000|100%| E|CS|TAMS 0x0000000089700000, 0x0000000089700000| Complete 
| 116|0x0000000089800000, 0x0000000089900000, 0x0000000089900000|100%| E|CS|TAMS 0x0000000089800000, 0x0000000089800000| Complete 
| 117|0x0000000089900000, 0x0000000089a00000, 0x0000000089a00000|100%| E|CS|TAMS 0x0000000089900000, 0x0000000089900000| Complete 
| 118|0x0000000089a00000, 0x0000000089b00000, 0x0000000089b00000|100%| E|CS|TAMS 0x0000000089a00000, 0x0000000089a00000| Complete 
| 119|0x0000000089b00000, 0x0000000089c00000, 0x0000000089c00000|100%| E|CS|TAMS 0x0000000089b00000, 0x0000000089b00000| Complete 
| 120|0x0000000089c00000, 0x0000000089d00000, 0x0000000089d00000|100%| E|CS|TAMS 0x0000000089c00000, 0x0000000089c00000| Complete 
| 121|0x0000000089d00000, 0x0000000089e00000, 0x0000000089e00000|100%| E|CS|TAMS 0x0000000089d00000, 0x0000000089d00000| Complete 
| 122|0x0000000089e00000, 0x0000000089f00000, 0x0000000089f00000|100%| E|CS|TAMS 0x0000000089e00000, 0x0000000089e00000| Complete 
| 123|0x0000000089f00000, 0x000000008a000000, 0x000000008a000000|100%| E|CS|TAMS 0x0000000089f00000, 0x0000000089f00000| Complete 
| 124|0x000000008a000000, 0x000000008a100000, 0x000000008a100000|100%| E|CS|TAMS 0x000000008a000000, 0x000000008a000000| Complete 
| 125|0x000000008a100000, 0x000000008a200000, 0x000000008a200000|100%| E|CS|TAMS 0x000000008a100000, 0x000000008a100000| Complete 

Card table byte_map: [0x000001d279080000,0x000001d279470000] _byte_map_base: 0x000001d278c6e000

Marking Bits (Prev, Next): (CMBitMap*) 0x000001d25f68d3e8, (CMBitMap*) 0x000001d25f68d428
 Prev Bits: [0x000001d279860000, 0x000001d27b7d0000)
 Next Bits: [0x000001d27b7d0000, 0x000001d27d740000)

Polling page: 0x000001d25f720000

Metaspace:

Usage:
  Non-class:      9.52 MB capacity,     9.30 MB ( 98%) used,   196.07 KB (  2%) free+waste,    28.88 KB ( <1%) overhead. 
      Class:      1.31 MB capacity,     1.16 MB ( 88%) used,   141.09 KB ( 11%) free+waste,    16.81 KB (  1%) overhead. 
       Both:     10.83 MB capacity,    10.46 MB ( 97%) used,   337.16 KB (  3%) free+waste,    45.69 KB ( <1%) overhead. 

Virtual space:
  Non-class space:       10.00 MB reserved,       9.75 MB ( 98%) committed 
      Class space:        1.00 GB reserved,       1.38 MB ( <1%) committed 
             Both:        1.01 GB reserved,      11.13 MB (  1%) committed 

Chunk freelists:
   Non-Class:  5.63 KB
       Class:  256 bytes
        Both:  5.88 KB

CodeHeap 'non-profiled nmethods': size=120000Kb used=412Kb max_used=412Kb free=119587Kb
 bounds [0x000001d270cf0000, 0x000001d270f60000, 0x000001d278220000]
CodeHeap 'profiled nmethods': size=120000Kb used=2030Kb max_used=2030Kb free=117969Kb
 bounds [0x000001d2697c0000, 0x000001d269a30000, 0x000001d270cf0000]
CodeHeap 'non-nmethods': size=5760Kb used=1312Kb max_used=1350Kb free=4447Kb
 bounds [0x000001d269220000, 0x000001d269490000, 0x000001d2697c0000]
 total_blobs=1943 nmethods=1161 adapters=505
 compilation: enabled
              stopped_count=0, restarted_count=0
 full_count=0

Compilation events (10 events):
Event: 1356.194 Thread 0x000001d2002e2800 1157       3       org.eclipse.jdt.launching.internal.org.objectweb.asm.SymbolTable::addConstantClass (8 bytes)
Event: 1356.195 Thread 0x000001d2002e2800 nmethod 1157 0x000001d2699b3790 code [0x000001d2699b3960, 0x000001d2699b3b30]
Event: 1356.196 Thread 0x000001d2002e2800 1158       3       org.eclipse.jdt.launching.internal.org.objectweb.asm.ByteVector::put122 (93 bytes)
Event: 1356.196 Thread 0x000001d2002e2800 nmethod 1158 0x000001d2699b3c10 code [0x000001d2699b3de0, 0x000001d2699b40f0]
Event: 1356.196 Thread 0x000001d2002e2800 1159       3       org.eclipse.jdt.launching.internal.org.objectweb.asm.ClassReader::readStackMapFrame (535 bytes)
Event: 1356.199 Thread 0x000001d2002e2800 nmethod 1159 0x000001d2699b4310 code [0x000001d2699b4600, 0x000001d2699b5980]
Event: 1356.199 Thread 0x000001d2002e2800 1160       3       org.eclipse.jdt.launching.internal.org.objectweb.asm.MethodWriter::visitFrame (787 bytes)
Event: 1356.212 Thread 0x000001d2002e2800 nmethod 1160 0x000001d2699b6190 code [0x000001d2699b66a0, 0x000001d2699b8a70]
Event: 1356.212 Thread 0x000001d2002e2800 1161       3       org.eclipse.jdt.launching.internal.org.objectweb.asm.MethodWriter::visitJumpInsn (495 bytes)
Event: 1356.215 Thread 0x000001d2002e2800 nmethod 1161 0x000001d2699b9a10 code [0x000001d2699b9da0, 0x000001d2699bb290]

GC Heap History (2 events):
Event: 3.731 GC heap before
{Heap before GC invocations=0 (full 0):
 garbage-first heap   total 129024K, used 30720K [0x0000000082400000, 0x0000000100000000)
  region size 1024K, 24 young (24576K), 0 survivors (0K)
 Metaspace       used 10611K, capacity 10929K, committed 11136K, reserved 1058816K
  class space    used 1178K, capacity 1310K, committed 1408K, reserved 1048576K
}
Event: 3.737 GC heap after
{Heap after GC invocations=1 (full 0):
 garbage-first heap   total 129024K, used 9850K [0x0000000082400000, 0x0000000100000000)
  region size 1024K, 3 young (3072K), 3 survivors (3072K)
 Metaspace       used 10611K, capacity 10929K, committed 11136K, reserved 1058816K
  class space    used 1178K, capacity 1310K, committed 1408K, reserved 1048576K
}

Deoptimization events (8 events):
Event: 0.294 Thread 0x000001d25f64d000 Uncommon trap: reason=class_check action=maybe_recompile pc=0x000001d270cfe530 method=java.util.HashMap.putVal(ILjava/lang/Object;Ljava/lang/Object;ZZ)Ljava/lang/Object; @ 152 c2
Event: 0.317 Thread 0x000001d25f64d000 Uncommon trap: reason=unstable_if action=reinterpret pc=0x000001d270cfe638 method=java.util.HashMap.putVal(ILjava/lang/Object;Ljava/lang/Object;ZZ)Ljava/lang/Object; @ 181 c2
Event: 0.421 Thread 0x000001d25f64d000 Uncommon trap: reason=unstable_if action=reinterpret pc=0x000001d270cfefa8 method=java.lang.String.isLatin1()Z @ 10 c2
Event: 0.518 Thread 0x000001d25f64d000 Uncommon trap: reason=bimorphic_or_optimized_type_check action=maybe_recompile pc=0x000001d270cfa444 method=java.util.AbstractCollection.isEmpty()Z @ 1 c2
Event: 0.518 Thread 0x000001d25f64d000 Uncommon trap: reason=bimorphic_or_optimized_type_check action=maybe_recompile pc=0x000001d270cfa444 method=java.util.AbstractCollection.isEmpty()Z @ 1 c2
Event: 0.519 Thread 0x000001d25f64d000 Uncommon trap: reason=bimorphic_or_optimized_type_check action=maybe_recompile pc=0x000001d270cfa444 method=java.util.AbstractCollection.isEmpty()Z @ 1 c2
Event: 0.519 Thread 0x000001d25f64d000 Uncommon trap: reason=bimorphic_or_optimized_type_check action=maybe_recompile pc=0x000001d270cfa444 method=java.util.AbstractCollection.isEmpty()Z @ 1 c2
Event: 0.841 Thread 0x000001d200f02000 Uncommon trap: reason=unstable_if action=reinterpret pc=0x000001d270cf4f8c method=java.lang.String.isLatin1()Z @ 10 c2

Classes redefined (3 events):
Event: 1321.867 Thread 0x000001d2002b8800 redefined class name=VectorQuantizer, count=1
Event: 1329.919 Thread 0x000001d2002b8800 redefined class name=VectorQuantizer, count=2
Event: 1356.207 Thread 0x000001d2002b8800 redefined class name=VectorQuantizer, count=3

Internal exceptions (10 events):
Event: 0.611 Thread 0x000001d200f9b000 Exception <a 'java/lang/NoSuchMethodError'{0x0000000089a054c0}: java.lang.invoke.DirectMethodHandle$Holder.invokeSpecial(Ljava/lang/Object;Ljava/lang/Object;)V> (0x0000000089a054c0) thrown at [t:/workspace/open/src/hotspot/share/interpreter/linkResolver.c
Event: 0.615 Thread 0x000001d25f64d000 Exception <a 'java/lang/NoSuchMethodError'{0x0000000089bd9c70}: java.lang.invoke.DirectMethodHandle$Holder.invokeStatic(Ljava/lang/Object;Ljava/lang/Object;Ljava/lang/Object;Ljava/lang/Object;Ljava/lang/Object;Ljava/lang/Object;Ljava/lang/Object;J)Ljava/l
Event: 0.688 Thread 0x000001d200f02000 Exception <a 'java/lang/NoSuchMethodError'{0x0000000089800d18}: java.lang.invoke.DirectMethodHandle$Holder.invokeStatic(Ljava/lang/Object;ILjava/lang/Object;Ljava/lang/Object;Ljava/lang/Object;Ljava/lang/Object;)Ljava/lang/Object;> (0x0000000089800d18) th
Event: 0.688 Thread 0x000001d200f02000 Exception <a 'java/lang/NoSuchMethodError'{0x0000000089807948}: java.lang.invoke.DirectMethodHandle$Holder.invokeStatic(Ljava/lang/Object;ILjava/lang/Object;Ljava/lang/Object;Ljava/lang/Object;)Ljava/lang/Object;> (0x0000000089807948) thrown at [t:/worksp
Event: 0.689 Thread 0x000001d200f02000 Exception <a 'java/lang/NoSuchMethodError'{0x000000008980b1a8}: java.lang.invoke.DirectMethodHandle$Holder.invokeSpecial(Ljava/lang/Object;Ljava/lang/Object;ILjava/lang/Object;Ljava/lang/Object;Ljava/lang/Object;)Ljava/lang/Object;> (0x000000008980b1a8) t
Event: 0.692 Thread 0x000001d200f02000 Exception <a 'java/lang/NoSuchMethodError'{0x0000000089821b58}: java.lang.invoke.DirectMethodHandle$Holder.invokeStatic(Ljava/lang/Object;ILjava/lang/Object;)Ljava/lang/Object;> (0x0000000089821b58) thrown at [t:/workspace/open/src/hotspot/share/interpret
Event: 0.719 Thread 0x000001d200f02000 Exception <a 'java/lang/ClassNotFoundException'{0x00000000898d47b8}: com/sun/swing/internal/plaf/metal/resources/spi/metalProvider> (0x00000000898d47b8) thrown at [t:/workspace/open/src/hotspot/share/classfile/systemDictionary.cpp, line 235]
Event: 0.720 Thread 0x000001d200f02000 Exception <a 'java/lang/ClassNotFoundException'{0x00000000898db690}: com/sun/swing/internal/plaf/basic/resources/spi/basicProvider> (0x00000000898db690) thrown at [t:/workspace/open/src/hotspot/share/classfile/systemDictionary.cpp, line 235]
Event: 0.821 Thread 0x000001d200f02000 Exception <a 'java/lang/NoSuchMethodError'{0x00000000896a6b50}: java.lang.invoke.DirectMethodHandle$Holder.invokeStaticInit(Ljava/lang/Object;)V> (0x00000000896a6b50) thrown at [t:/workspace/open/src/hotspot/share/interpreter/linkResolver.cpp, line 777]
Event: 0.861 Thread 0x000001d200f02000 Exception <a 'java/lang/NoSuchMethodError'{0x00000000895634b0}: java.lang.invoke.Invokers$Holder.linkToTargetMethod(Ljava/lang/Object;ILjava/lang/Object;)Ljava/lang/Object;> (0x00000000895634b0) thrown at [t:/workspace/open/src/hotspot/share/interpreter/l

Events (10 events):
Event: 1356.254 Executing VM operation: GetOwnedMonitorInfo done
Event: 1356.255 Executing VM operation: GetCurrentContendedMonitor
Event: 1356.255 Executing VM operation: GetCurrentContendedMonitor done
Event: 1356.256 Executing VM operation: GetCurrentContendedMonitor
Event: 1356.256 Executing VM operation: GetCurrentContendedMonitor done
Event: 1356.256 Executing VM operation: GetOwnedMonitorInfo
Event: 1356.256 Executing VM operation: GetOwnedMonitorInfo done
Event: 1356.466 Executing VM operation: GetFrameLocation
Event: 1356.466 Executing VM operation: GetFrameLocation done
Event: 1356.467 Executing VM operation: GetOrSetLocal


Dynamic libraries:
0x00007ff70c6a0000 - 0x00007ff70c6af000 	C:\Program Files\Java\jdk-12.0.2\bin\javaw.exe
0x00007ffc233a0000 - 0x00007ffc23590000 	C:\WINDOWS\SYSTEM32\ntdll.dll
0x00007ffbcf7a0000 - 0x00007ffbcf7b4000 	C:\Program Files\AVAST Software\Avast\aswhook.dll
0x00007ffc22550000 - 0x00007ffc22602000 	C:\WINDOWS\System32\KERNEL32.DLL
0x00007ffc20d30000 - 0x00007ffc20fd3000 	C:\WINDOWS\System32\KERNELBASE.dll
0x00007ffc211b0000 - 0x00007ffc212aa000 	C:\WINDOWS\System32\ucrtbase.dll
0x00007ffc1ae00000 - 0x00007ffc1ae18000 	C:\Program Files\Java\jdk-12.0.2\bin\jli.dll
0x00007ffc220c0000 - 0x00007ffc22163000 	C:\WINDOWS\System32\ADVAPI32.dll
0x00007ffc215b0000 - 0x00007ffc2164e000 	C:\WINDOWS\System32\msvcrt.dll
0x00007ffc221d0000 - 0x00007ffc22267000 	C:\WINDOWS\System32\sechost.dll
0x00007ffc222d0000 - 0x00007ffc223f0000 	C:\WINDOWS\System32\RPCRT4.dll
0x00007ffc21800000 - 0x00007ffc21994000 	C:\WINDOWS\System32\USER32.dll
0x00007ffc20330000 - 0x00007ffc20351000 	C:\WINDOWS\System32\win32u.dll
0x00007ffc22620000 - 0x00007ffc22646000 	C:\WINDOWS\System32\GDI32.dll
0x00007ffc212b0000 - 0x00007ffc21444000 	C:\WINDOWS\System32\gdi32full.dll
0x00007ffc20360000 - 0x00007ffc203fe000 	C:\WINDOWS\System32\msvcp_win.dll
0x00007ffc17270000 - 0x00007ffc17286000 	C:\Program Files\Java\jdk-12.0.2\bin\VCRUNTIME140.dll
0x00007ffc0cc30000 - 0x00007ffc0ceb5000 	C:\WINDOWS\WinSxS\amd64_microsoft.windows.common-controls_6595b64144ccf1df_6.0.18362.476_none_e6c4b11b130f2595\COMCTL32.dll
0x00007ffc22720000 - 0x00007ffc22a56000 	C:\WINDOWS\System32\combase.dll
0x00007ffc20bb0000 - 0x00007ffc20c30000 	C:\WINDOWS\System32\bcryptPrimitives.dll
0x00007ffc14e20000 - 0x00007ffc14e2a000 	C:\WINDOWS\SYSTEM32\VERSION.dll
0x00007ffc219a0000 - 0x00007ffc219ce000 	C:\WINDOWS\System32\IMM32.DLL
0x00007ffc0ad00000 - 0x00007ffc0adaa000 	C:\Program Files\Java\jdk-12.0.2\bin\msvcp140.dll
0x00007ffbcc100000 - 0x00007ffbccc77000 	C:\Program Files\Java\jdk-12.0.2\bin\server\jvm.dll
0x00007ffc21460000 - 0x00007ffc21468000 	C:\WINDOWS\System32\PSAPI.DLL
0x00007ffc0bf60000 - 0x00007ffc0bf69000 	C:\WINDOWS\SYSTEM32\WSOCK32.dll
0x00007ffc22650000 - 0x00007ffc226bf000 	C:\WINDOWS\System32\WS2_32.dll
0x00007ffc1acb0000 - 0x00007ffc1acd4000 	C:\WINDOWS\SYSTEM32\WINMM.dll
0x00007ffc1ac80000 - 0x00007ffc1acad000 	C:\WINDOWS\SYSTEM32\WINMMBASE.dll
0x00007ffc20c30000 - 0x00007ffc20c7a000 	C:\WINDOWS\System32\cfgmgr32.dll
0x00007ffc202c0000 - 0x00007ffc202d1000 	C:\WINDOWS\System32\kernel.appcore.dll
0x00007ffc19650000 - 0x00007ffc19661000 	C:\Program Files\Java\jdk-12.0.2\bin\verify.dll
0x00007ffc1b9b0000 - 0x00007ffc1bba4000 	C:\WINDOWS\SYSTEM32\DBGHELP.DLL
0x00007ffc126b0000 - 0x00007ffc126da000 	C:\WINDOWS\SYSTEM32\dbgcore.DLL
0x00007ffc0e9f0000 - 0x00007ffc0ea16000 	C:\Program Files\Java\jdk-12.0.2\bin\java.dll
0x00007ffc15a50000 - 0x00007ffc15a88000 	C:\Program Files\Java\jdk-12.0.2\bin\jdwp.dll
0x00007ffc17250000 - 0x00007ffc1725e000 	C:\Program Files\Java\jdk-12.0.2\bin\instrument.dll
0x00007ffc0d640000 - 0x00007ffc0d657000 	C:\Program Files\Java\jdk-12.0.2\bin\zip.dll
0x00007ffc17430000 - 0x00007ffc1743a000 	C:\Program Files\Java\jdk-12.0.2\bin\jimage.dll
0x00007ffc219d0000 - 0x00007ffc220b5000 	C:\WINDOWS\System32\SHELL32.dll
0x00007ffc23240000 - 0x00007ffc232e9000 	C:\WINDOWS\System32\shcore.dll
0x00007ffc20430000 - 0x00007ffc20bae000 	C:\WINDOWS\System32\windows.storage.dll
0x00007ffc20280000 - 0x00007ffc2029f000 	C:\WINDOWS\System32\profapi.dll
0x00007ffc202e0000 - 0x00007ffc2032a000 	C:\WINDOWS\System32\powrprof.dll
0x00007ffc20270000 - 0x00007ffc20280000 	C:\WINDOWS\System32\UMPDC.dll
0x00007ffc22270000 - 0x00007ffc222c2000 	C:\WINDOWS\System32\shlwapi.dll
0x00007ffc21040000 - 0x00007ffc21057000 	C:\WINDOWS\System32\cryptsp.dll
0x00007ffc17240000 - 0x00007ffc1724a000 	C:\Program Files\Java\jdk-12.0.2\bin\dt_socket.dll
0x00007ffc1fae0000 - 0x00007ffc1fb47000 	C:\WINDOWS\System32\mswsock.dll
0x00007ffc1f830000 - 0x00007ffc1f8fa000 	C:\WINDOWS\SYSTEM32\DNSAPI.dll
0x00007ffc22610000 - 0x00007ffc22618000 	C:\WINDOWS\System32\NSI.dll
0x00007ffc1f7f0000 - 0x00007ffc1f82a000 	C:\WINDOWS\SYSTEM32\IPHLPAPI.DLL
0x00007ffc10350000 - 0x00007ffc103c7000 	C:\WINDOWS\System32\fwpuclnt.dll
0x00007ffc20400000 - 0x00007ffc20426000 	C:\WINDOWS\System32\bcrypt.dll
0x00007ffc0fc20000 - 0x00007ffc0fc2a000 	C:\Windows\System32\rasadhlp.dll
0x00007ffc0aa20000 - 0x00007ffc0aa39000 	C:\Program Files\Java\jdk-12.0.2\bin\net.dll
0x00007ffc183b0000 - 0x00007ffc184a0000 	C:\WINDOWS\SYSTEM32\WINHTTP.dll
0x00007ffc0f460000 - 0x00007ffc0f636000 	C:\WINDOWS\SYSTEM32\urlmon.dll
0x00007ffc0f1b0000 - 0x00007ffc0f456000 	C:\WINDOWS\SYSTEM32\iertutil.dll
0x00007ffc1fcb0000 - 0x00007ffc1fcbc000 	C:\WINDOWS\SYSTEM32\CRYPTBASE.DLL
0x00007ffc07f10000 - 0x00007ffc07f23000 	C:\Program Files\Java\jdk-12.0.2\bin\nio.dll
0x00007ffbfa9c0000 - 0x00007ffbfab5f000 	C:\Program Files\Java\jdk-12.0.2\bin\awt.dll
0x00007ffc22bb0000 - 0x00007ffc22c74000 	C:\WINDOWS\System32\OLEAUT32.dll
0x00007ffc196a0000 - 0x00007ffc19c60000 	C:\WINDOWS\SYSTEM32\d2d1.dll
0x00007ffc1ace0000 - 0x00007ffc1ad6f000 	C:\WINDOWS\SYSTEM32\apphelp.dll
0x00007ffc1b1f0000 - 0x00007ffc1b289000 	C:\WINDOWS\system32\uxtheme.dll
0x00007ffc21470000 - 0x00007ffc215a6000 	C:\WINDOWS\System32\MSCTF.dll
0x00007ffc223f0000 - 0x00007ffc22546000 	C:\WINDOWS\System32\ole32.dll
0x00007ffc1b610000 - 0x00007ffc1b63d000 	C:\WINDOWS\system32\DWMAPI.DLL
0x00007ffbfe260000 - 0x00007ffbfe3b6000 	C:\WINDOWS\system32\opengl32.dll
0x00007ffc17590000 - 0x00007ffc175bc000 	C:\WINDOWS\SYSTEM32\GLU32.dll
0x00007ffc1eee0000 - 0x00007ffc1ef00000 	C:\WINDOWS\SYSTEM32\dxcore.dll
0x00007ffbffdb0000 - 0x00007ffbffe30000 	C:\Program Files\Java\jdk-12.0.2\bin\freetype.dll
0x00007ffbffd00000 - 0x00007ffbffdab000 	C:\Program Files\Java\jdk-12.0.2\bin\fontmanager.dll
0x00007ffc22a60000 - 0x00007ffc22b02000 	C:\WINDOWS\System32\clbcatq.dll
0x00007ffc16900000 - 0x00007ffc16aaf000 	C:\WINDOWS\SYSTEM32\WindowsCodecs.dll
0x00007ffc01450000 - 0x00007ffc0148a000 	C:\WINDOWS\system32\dataexchange.dll
0x00007ffc19c60000 - 0x00007ffc19ebb000 	C:\WINDOWS\system32\d3d11.dll
0x00007ffc1a320000 - 0x00007ffc1a4fb000 	C:\WINDOWS\system32\dcomp.dll
0x00007ffc1ef70000 - 0x00007ffc1f05b000 	C:\WINDOWS\system32\dxgi.dll
0x00007ffc1b2c0000 - 0x00007ffc1b51a000 	C:\WINDOWS\system32\twinapi.appcore.dll
0x00007ffc1b7d0000 - 0x00007ffc1b7f9000 	C:\WINDOWS\system32\RMCLIENT.dll
0x00007ffc020d0000 - 0x00007ffc0216e000 	C:\WINDOWS\System32\TextInputFramework.dll
0x00007ffc176b0000 - 0x00007ffc179da000 	C:\WINDOWS\System32\CoreUIComponents.dll
0x00007ffc1a900000 - 0x00007ffc1a9d4000 	C:\WINDOWS\System32\CoreMessaging.dll
0x00007ffc1f3e0000 - 0x00007ffc1f411000 	C:\WINDOWS\SYSTEM32\ntmarta.dll
0x00007ffc18540000 - 0x00007ffc18693000 	C:\WINDOWS\SYSTEM32\wintypes.dll
0x00007ffc15a20000 - 0x00007ffc15a4d000 	C:\Program Files\Java\jdk-12.0.2\bin\javajpeg.dll

dbghelp: loaded successfully - version: 4.0.5 - missing functions: none
symbol engine: initialized successfully - sym options: 0x614 - pdb path: .;C:\Program Files\Java\jdk-12.0.2\bin;C:\WINDOWS\SYSTEM32;C:\Program Files\AVAST Software\Avast;C:\WINDOWS\WinSxS\amd64_microsoft.windows.common-controls_6595b64144ccf1df_6.0.18362.476_none_e6c4b11b130f2595;C:\Program Files\Java\jdk-12.0.2\bin\server

VM Arguments:
jvm_args: -agentlib:jdwp=transport=dt_socket,suspend=y,address=localhost:55592 -javaagent:C:\Users\gkari\eclipse\java-2019-09\eclipse\configuration\org.eclipse.osgi\229\0\.cp\lib\javaagent-shaded.jar -Dfile.encoding=Cp1252 
java_command: test
java_class_path (initial): C:\Users\gkari\Dropbox\3rd Year 1st Term\Multimedia\Assignments\bin
Launcher Type: SUN_STANDARD

[Global flags]
     intx CICompilerCount                          = 4                                         {product} {ergonomic}
     uint ConcGCThreads                            = 2                                         {product} {ergonomic}
     uint G1ConcRefinementThreads                  = 8                                         {product} {ergonomic}
   size_t G1HeapRegionSize                         = 1048576                                   {product} {ergonomic}
    uintx GCDrainStackTargetSize                   = 64                                        {product} {ergonomic}
   size_t InitialHeapSize                          = 132120576                                 {product} {ergonomic}
   size_t MarkStackSize                            = 4194304                                   {product} {ergonomic}
   size_t MaxHeapSize                              = 2109734912                                {product} {ergonomic}
   size_t MaxNewSize                               = 1265631232                                {product} {ergonomic}
   size_t MinHeapDeltaBytes                        = 1048576                                   {product} {ergonomic}
    uintx NonNMethodCodeHeapSize                   = 5836300                                {pd product} {ergonomic}
    uintx NonProfiledCodeHeapSize                  = 122910970                              {pd product} {ergonomic}
    uintx ProfiledCodeHeapSize                     = 122910970                              {pd product} {ergonomic}
    uintx ReservedCodeCacheSize                    = 251658240                              {pd product} {ergonomic}
     bool SegmentedCodeCache                       = true                                      {product} {ergonomic}
     bool UseCompressedClassPointers               = true                                 {lp64_product} {ergonomic}
     bool UseCompressedOops                        = true                                 {lp64_product} {ergonomic}
     bool UseG1GC                                  = true                                      {product} {ergonomic}
     bool UseLargePagesIndividualAllocation        = false                                  {pd product} {ergonomic}

Logging:
Log output configuration:
 #0: stdout all=warning uptime,level,tags
 #1: stderr all=off uptime,level,tags

Environment Variables:
PATH=C:/Program Files/Java/jdk-12.0.2/bin/server;C:/Program Files/Java/jdk-12.0.2/bin;C:\Program Files (x86)\Common Files\Oracle\Java\javapath;C:\Program Files (x86)\Intel\iCLS Client\;C:\Program Files\Intel\iCLS Client\;C:\windows\system32;C:\windows;C:\windows\System32\Wbem;C:\windows\System32\WindowsPowerShell\v1.0\;C:\Program Files (x86)\Intel\Intel(R) Management Engine Components\DAL;C:\Program Files\Intel\Intel(R) Management Engine Components\DAL;C:\Program Files (x86)\Intel\Intel(R) Management Engine Components\IPT;C:\Program Files\Intel\Intel(R) Management Engine Components\IPT;C:\Program Files (x86)\NVIDIA Corporation\PhysX\Common;C:\WINDOWS\system32;C:\WINDOWS;C:\WINDOWS\System32\Wbem;C:\WINDOWS\System32\WindowsPowerShell\v1.0\;C:\WINDOWS\System32\OpenSSH\;C:\Program Files\Microsoft SQL Server\Client SDK\ODBC\130\Tools\Binn\;C:\Program Files (x86)\Microsoft SQL Server\140\Tools\Binn\;C:\Program Files\Microsoft SQL Server\140\Tools\Binn\;C:\Program Files\Microsoft SQL Server\140\DTS\Binn\;C:\Program Files (x86)\Microsoft SQL Server\Client SDK\ODBC\130\Tools\Binn\;C:\Program Files (x86)\Microsoft SQL Server\140\DTS\Binn\;C:\Program Files (x86)\Microsoft SQL Server\140\Tools\Binn\ManagementStudio\;C:\Program Files\Intel\WiFi\bin\;C:\Program Files\Common Files\Intel\WirelessCommon\;C:\Program Files (x86)\Brackets\command;C:\Users\gkari\AppData\Local\Microsoft\WindowsApps;C:\Users\gkari\AppData\Local\GitHubDesktop\bin;C:\intelFPGA\18.1\modelsim_ase\win32aloem;C:\Program Files\Java\jdk-12.0.2\bin;;C:\WINDOWS\System32;
USERNAME=gkari
OS=Windows_NT
PROCESSOR_IDENTIFIER=Intel64 Family 6 Model 142 Stepping 10, GenuineIntel



---------------  S Y S T E M  ---------------

OS: Windows 10 , 64 bit Build 18362 (10.0.18362.329)

CPU:total 8 (initial active 8) (4 cores per cpu, 2 threads per core) family 6 model 142 stepping 10, cmov, cx8, fxsr, mmx, sse, sse2, sse3, ssse3, sse4.1, sse4.2, popcnt, avx, avx2, aes, clmul, erms, 3dnowpref, lzcnt, ht, tsc, tscinvbit, bmi1, bmi2, adx, fma

Memory: 4k page, system-wide physical 8042M (779M free)
TotalPageFile size 15501M (AvailPageFile size 2399M)
current process WorkingSet (physical memory assigned to process): 93M, peak: 108M
current process commit charge ("private bytes"): 236M, peak: 251M

vm_info: Java HotSpot(TM) 64-Bit Server VM (12.0.2+10) for windows-amd64 JRE (12.0.2+10), built on Jul 16 2019 01:56:17 by "mach5one" with MS VC++ 15.5 (VS2017)

END.
